{
"contracts/Raffle.sol":{"l":{"62":3,"63":3,"64":3,"65":3,"66":3,"67":3,"68":3,"69":3,"73":5,"74":1,"76":4,"77":1,"80":3,"81":3,"96":1,"97":1,"98":1,"99":1,"100":1,"106":1,"107":1,"108":0,"115":1,"116":1,"123":1,"130":0,"131":0,"132":0,"133":0,"134":0,"135":0,"136":0,"137":0,"138":0,"140":0,"145":5,"149":1,"153":0,"157":1,"161":0,"165":0,"169":0,"173":0,"176":5},"path":"/html-fund-me-fcc/hardhat-smartcontract-lottery-fcc/contracts/Raffle.sol","s":{"1":3,"2":3,"3":3,"4":3,"5":3,"6":3,"7":3,"8":3,"9":5,"10":4,"11":3,"12":3,"13":1,"14":1,"15":1,"16":1,"17":1,"18":1,"19":1,"20":1,"21":1,"22":1,"23":0,"24":0,"25":0,"26":0,"27":0,"28":0,"29":0,"30":0,"31":0,"32":5,"33":1,"34":0,"35":1,"36":0,"37":0,"38":0,"39":0,"40":5},"b":{"1":[1,4],"2":[1,3],"3":[0,1],"4":[0,0]},"f":{"1":3,"2":5,"3":1,"4":1,"5":0,"6":5,"7":1,"8":0,"9":1,"10":0,"11":0,"12":0,"13":0,"14":5},"fnMap":{"1":{"name":"constructor","line":61,"loc":{"start":{"line":54,"column":4},"end":{"line":70,"column":4}}},"2":{"name":"enterRaffle","line":72,"loc":{"start":{"line":72,"column":4},"end":{"line":83,"column":8}}},"3":{"name":"checkUpkeep","line":94,"loc":{"start":{"line":94,"column":5},"end":{"line":101,"column":4}}},"4":{"name":"performUpkeep","line":105,"loc":{"start":{"line":105,"column":4},"end":{"line":124,"column":4}}},"5":{"name":"fulfillRandomWords","line":126,"loc":{"start":{"line":126,"column":4},"end":{"line":141,"column":4}}},"6":{"name":"getEntranceFee","line":144,"loc":{"start":{"line":144,"column":4},"end":{"line":146,"column":4}}},"7":{"name":"getPlayer","line":148,"loc":{"start":{"line":148,"column":4},"end":{"line":150,"column":4}}},"8":{"name":"getRecentWinner","line":152,"loc":{"start":{"line":152,"column":4},"end":{"line":154,"column":4}}},"9":{"name":"getRaffleState","line":156,"loc":{"start":{"line":156,"column":4},"end":{"line":158,"column":4}}},"10":{"name":"getNumWords","line":160,"loc":{"start":{"line":160,"column":4},"end":{"line":162,"column":9}}},"11":{"name":"getNumberOfPlayers","line":164,"loc":{"start":{"line":164,"column":4},"end":{"line":166,"column":4}}},"12":{"name":"getLatestTimeStamp","line":168,"loc":{"start":{"line":168,"column":4},"end":{"line":170,"column":4}}},"13":{"name":"getRequestConfirmations","line":172,"loc":{"start":{"line":172,"column":4},"end":{"line":173,"column":36}}},"14":{"name":"getInterval","line":175,"loc":{"start":{"line":175,"column":4},"end":{"line":177,"column":4}}}},"statementMap":{"1":{"start":{"line":62,"column":8},"end":{"line":62,"column":34}},"2":{"start":{"line":63,"column":8},"end":{"line":63,"column":69}},"3":{"start":{"line":64,"column":8},"end":{"line":64,"column":26}},"4":{"start":{"line":65,"column":8},"end":{"line":65,"column":40}},"5":{"start":{"line":66,"column":8},"end":{"line":66,"column":44}},"6":{"start":{"line":67,"column":8},"end":{"line":67,"column":39}},"7":{"start":{"line":68,"column":8},"end":{"line":68,"column":40}},"8":{"start":{"line":69,"column":8},"end":{"line":69,"column":28}},"9":{"start":{"line":73,"column":8},"end":{"line":73,"column":2528}},"10":{"start":{"line":76,"column":6},"end":{"line":76,"column":2625}},"11":{"start":{"line":80,"column":8},"end":{"line":80,"column":42}},"12":{"start":{"line":81,"column":8},"end":{"line":81,"column":36}},"13":{"start":{"line":96,"column":6},"end":{"line":96,"column":55}},"14":{"start":{"line":97,"column":4},"end":{"line":97,"column":72}},"15":{"start":{"line":98,"column":4},"end":{"line":98,"column":44}},"16":{"start":{"line":99,"column":4},"end":{"line":99,"column":47}},"17":{"start":{"line":100,"column":4},"end":{"line":100,"column":68}},"18":{"start":{"line":106,"column":8},"end":{"line":106,"column":47}},"19":{"start":{"line":107,"column":8},"end":{"line":107,"column":3662}},"20":{"start":{"line":115,"column":8},"end":{"line":115,"column":45}},"21":{"start":{"line":116,"column":8},"end":{"line":116,"column":3886}},"22":{"start":{"line":123,"column":8},"end":{"line":123,"column":45}},"23":{"start":{"line":130,"column":8},"end":{"line":130,"column":65}},"24":{"start":{"line":131,"column":8},"end":{"line":131,"column":63}},"25":{"start":{"line":132,"column":8},"end":{"line":132,"column":36}},"26":{"start":{"line":133,"column":8},"end":{"line":133,"column":39}},"27":{"start":{"line":134,"column":8},"end":{"line":134,"column":43}},"28":{"start":{"line":135,"column":8},"end":{"line":135,"column":40}},"29":{"start":{"line":136,"column":8},"end":{"line":136,"column":78}},"30":{"start":{"line":137,"column":8},"end":{"line":137,"column":4677}},"31":{"start":{"line":140,"column":8},"end":{"line":140,"column":39}},"32":{"start":{"line":145,"column":8},"end":{"line":145,"column":28}},"33":{"start":{"line":149,"column":8},"end":{"line":149,"column":31}},"34":{"start":{"line":153,"column":8},"end":{"line":153,"column":29}},"35":{"start":{"line":157,"column":8},"end":{"line":157,"column":28}},"36":{"start":{"line":161,"column":8},"end":{"line":161,"column":24}},"37":{"start":{"line":165,"column":8},"end":{"line":165,"column":31}},"38":{"start":{"line":169,"column":8},"end":{"line":169,"column":30}},"39":{"start":{"line":173,"column":8},"end":{"line":173,"column":35}},"40":{"start":{"line":176,"column":8},"end":{"line":176,"column":25}}},"branchMap":{"1":{"line":73,"type":"if","locations":[{"start":{"line":73,"column":8},"end":{"line":73,"column":8}},{"start":{"line":73,"column":8},"end":{"line":73,"column":8}}]},"2":{"line":76,"type":"if","locations":[{"start":{"line":76,"column":6},"end":{"line":76,"column":6}},{"start":{"line":76,"column":6},"end":{"line":76,"column":6}}]},"3":{"line":107,"type":"if","locations":[{"start":{"line":107,"column":8},"end":{"line":107,"column":8}},{"start":{"line":107,"column":8},"end":{"line":107,"column":8}}]},"4":{"line":137,"type":"if","locations":[{"start":{"line":137,"column":8},"end":{"line":137,"column":8}},{"start":{"line":137,"column":8},"end":{"line":137,"column":8}}]}}},
"contracts/test/VRFCoordinatorV2Mock.sol":{"l":{},"path":"/html-fund-me-fcc/hardhat-smartcontract-lottery-fcc/contracts/test/VRFCoordinatorV2Mock.sol","s":{},"b":{},"f":{},"fnMap":{},"statementMap":{},"branchMap":{}}}
